androidApp/build/intermediates/manifest_merge_blame_file/debug/manifest-merger-blame-debug-report.txt
1<?xml version="1.0" encoding="utf-8"?>
2<manifest xmlns:android="http://schemas.android.com/apk/res/android"
3    package="com.example.noteappkmp.android"
4    android:versionCode="1"
5    android:versionName="1.0" >
6
7    <uses-sdk
8        android:minSdkVersion="24"
9        android:targetSdkVersion="34" />
10
11    <permission
11-->[androidx.core:core:1.10.0] AndroidManifest.xml:22:5-24:47
12        android:name="com.example.noteappkmp.android.DYNAMIC_RECEIVER_NOT_EXPORTED_PERMISSION"
12-->[androidx.core:core:1.10.0] AndroidManifest.xml:23:9-81
13        android:protectionLevel="signature" />
13-->[androidx.core:core:1.10.0] AndroidManifest.xml:24:9-44
14
15    <uses-permission android:name="com.example.noteappkmp.android.DYNAMIC_RECEIVER_NOT_EXPORTED_PERMISSION" />
15-->[androidx.core:core:1.10.0] AndroidManifest.xml:26:5-97
15-->[androidx.core:core:1.10.0] AndroidManifest.xml:26:22-94
16
17    <application
17-->src/main/AndroidManifest.xml:4:5-16:19
18        android:allowBackup="false"
18-->src/main/AndroidManifest.xml:5:9-36
19        android:appComponentFactory="androidx.core.app.CoreComponentFactory"
19-->[androidx.core:core:1.10.0] AndroidManifest.xml:28:18-86
20        android:debuggable="true"
21        android:extractNativeLibs="false"
22        android:supportsRtl="true"
22-->src/main/AndroidManifest.xml:6:9-35
23        android:theme="@style/AppTheme" >
23-->src/main/AndroidManifest.xml:7:9-40
24        <activity
24-->src/main/AndroidManifest.xml:8:9-15:20
25            android:name="com.example.noteappkmp.android.MainActivity"
25-->src/main/AndroidManifest.xml:9:13-41
26            android:exported="true" >
26-->src/main/AndroidManifest.xml:10:13-36
27            <intent-filter>
27-->src/main/AndroidManifest.xml:11:13-14:29
28                <action android:name="android.intent.action.MAIN" />
28-->src/main/AndroidManifest.xml:12:17-69
28-->src/main/AndroidManifest.xml:12:25-66
29
30                <category android:name="android.intent.category.LAUNCHER" />
30-->src/main/AndroidManifest.xml:13:17-77
30-->src/main/AndroidManifest.xml:13:27-74
31            </intent-filter>
32        </activity>
33
34        <provider
34-->[androidx.emoji2:emoji2:1.4.0] AndroidManifest.xml:24:9-32:20
35            android:name="androidx.startup.InitializationProvider"
35-->[androidx.emoji2:emoji2:1.4.0] AndroidManifest.xml:25:13-67
36            android:authorities="com.example.noteappkmp.android.androidx-startup"
36-->[androidx.emoji2:emoji2:1.4.0] AndroidManifest.xml:26:13-68
37            android:exported="false" >
37-->[androidx.emoji2:emoji2:1.4.0] AndroidManifest.xml:27:13-37
38            <meta-data
38-->[androidx.emoji2:emoji2:1.4.0] AndroidManifest.xml:29:13-31:52
39                android:name="androidx.emoji2.text.EmojiCompatInitializer"
39-->[androidx.emoji2:emoji2:1.4.0] AndroidManifest.xml:30:17-75
40                android:value="androidx.startup" />
40-->[androidx.emoji2:emoji2:1.4.0] AndroidManifest.xml:31:17-49
41            <meta-data
41-->[androidx.lifecycle:lifecycle-process:2.6.1] AndroidManifest.xml:29:13-31:52
42                android:name="androidx.lifecycle.ProcessLifecycleInitializer"
42-->[androidx.lifecycle:lifecycle-process:2.6.1] AndroidManifest.xml:30:17-78
43                android:value="androidx.startup" />
43-->[androidx.lifecycle:lifecycle-process:2.6.1] AndroidManifest.xml:31:17-49
44            <meta-data
44-->[androidx.profileinstaller:profileinstaller:1.3.0] AndroidManifest.xml:29:13-31:52
45                android:name="androidx.profileinstaller.ProfileInstallerInitializer"
45-->[androidx.profileinstaller:profileinstaller:1.3.0] AndroidManifest.xml:30:17-85
46                android:value="androidx.startup" />
46-->[androidx.profileinstaller:profileinstaller:1.3.0] AndroidManifest.xml:31:17-49
47        </provider>
48
49        <activity
49-->[androidx.compose.ui:ui-tooling-android:1.5.4] AndroidManifest.xml:23:9-25:39
50            android:name="androidx.compose.ui.tooling.PreviewActivity"
50-->[androidx.compose.ui:ui-tooling-android:1.5.4] AndroidManifest.xml:24:13-71
51            android:exported="true" />
51-->[androidx.compose.ui:ui-tooling-android:1.5.4] AndroidManifest.xml:25:13-36
52
53        <receiver
53-->[androidx.profileinstaller:profileinstaller:1.3.0] AndroidManifest.xml:34:9-52:20
54            android:name="androidx.profileinstaller.ProfileInstallReceiver"
54-->[androidx.profileinstaller:profileinstaller:1.3.0] AndroidManifest.xml:35:13-76
55            android:directBootAware="false"
55-->[androidx.profileinstaller:profileinstaller:1.3.0] AndroidManifest.xml:36:13-44
56            android:enabled="true"
56-->[androidx.profileinstaller:profileinstaller:1.3.0] AndroidManifest.xml:37:13-35
57            android:exported="true"
57-->[androidx.profileinstaller:profileinstaller:1.3.0] AndroidManifest.xml:38:13-36
58            android:permission="android.permission.DUMP" >
58-->[androidx.profileinstaller:profileinstaller:1.3.0] AndroidManifest.xml:39:13-57
59            <intent-filter>
59-->[androidx.profileinstaller:profileinstaller:1.3.0] AndroidManifest.xml:40:13-42:29
60                <action android:name="androidx.profileinstaller.action.INSTALL_PROFILE" />
60-->[androidx.profileinstaller:profileinstaller:1.3.0] AndroidManifest.xml:41:17-91
60-->[androidx.profileinstaller:profileinstaller:1.3.0] AndroidManifest.xml:41:25-88
61            </intent-filter>
62            <intent-filter>
62-->[androidx.profileinstaller:profileinstaller:1.3.0] AndroidManifest.xml:43:13-45:29
63                <action android:name="androidx.profileinstaller.action.SKIP_FILE" />
63-->[androidx.profileinstaller:profileinstaller:1.3.0] AndroidManifest.xml:44:17-85
63-->[androidx.profileinstaller:profileinstaller:1.3.0] AndroidManifest.xml:44:25-82
64            </intent-filter>
65            <intent-filter>
65-->[androidx.profileinstaller:profileinstaller:1.3.0] AndroidManifest.xml:46:13-48:29
66                <action android:name="androidx.profileinstaller.action.SAVE_PROFILE" />
66-->[androidx.profileinstaller:profileinstaller:1.3.0] AndroidManifest.xml:47:17-88
66-->[androidx.profileinstaller:profileinstaller:1.3.0] AndroidManifest.xml:47:25-85
67            </intent-filter>
68            <intent-filter>
68-->[androidx.profileinstaller:profileinstaller:1.3.0] AndroidManifest.xml:49:13-51:29
69                <action android:name="androidx.profileinstaller.action.BENCHMARK_OPERATION" />
69-->[androidx.profileinstaller:profileinstaller:1.3.0] AndroidManifest.xml:50:17-95
69-->[androidx.profileinstaller:profileinstaller:1.3.0] AndroidManifest.xml:50:25-92
70            </intent-filter>
71        </receiver>
72    </application>
73
74</manifest>